This file contains any messages produced by compilers while
running configure, to aid debugging if configure makes a mistake.

It was created by cif-protocol-perl configure v0.00.02-15-ga229cf2, which was
generated by GNU Autoconf 2.67.  Invocation command line was

  $ ./configure 

## --------- ##
## Platform. ##
## --------- ##

hostname = ses-dev
uname -m = x86_64
uname -r = 2.6.32-5-amd64
uname -s = Linux
uname -v = #1 SMP Tue Jun 14 09:42:28 UTC 2011

/usr/bin/uname -p = unknown
/bin/uname -X     = unknown

/bin/arch              = unknown
/usr/bin/arch -k       = unknown
/usr/convex/getsysinfo = unknown
/usr/bin/hostinfo      = unknown
/bin/machine           = unknown
/usr/bin/oslevel       = unknown
/bin/universe          = unknown

PATH: /home/wes/bin
PATH: /usr/local/bin
PATH: /usr/bin
PATH: /bin
PATH: /usr/local/games
PATH: /usr/games


## ----------- ##
## Core tests. ##
## ----------- ##

configure:1751: checking for a BSD-compatible install
configure:1819: result: /usr/bin/install -c
configure:1830: checking whether build environment is sane
configure:1880: result: yes
configure:2021: checking for a thread-safe mkdir -p
configure:2060: result: /bin/mkdir -p
configure:2073: checking for gawk
configure:2103: result: no
configure:2073: checking for mawk
configure:2089: found /usr/bin/mawk
configure:2100: result: mawk
configure:2111: checking whether make sets $(MAKE)
configure:2133: result: yes
configure:2218: checking for perl
configure:2236: found /usr/bin/perl
configure:2249: result: /usr/bin/perl
configure:2327: checking for pkg-config
configure:2345: found /usr/bin/pkg-config
configure:2357: result: /usr/bin/pkg-config
configure:2382: checking pkg-config is at least version 0.9.0
configure:2385: result: yes
configure:2395: checking for uuid
configure:2402: $PKG_CONFIG --exists --print-errors "uuid >= 2.17.0"
configure:2405: $? = 0
configure:2418: $PKG_CONFIG --exists --print-errors "uuid >= 2.17.0"
configure:2421: $? = 0
configure:2478: result: yes
configure:2652: creating ./config.status

## ---------------------- ##
## Running config.status. ##
## ---------------------- ##

This file was extended by cif-protocol-perl config.status v0.00.02-15-ga229cf2, which was
generated by GNU Autoconf 2.67.  Invocation command line was

  CONFIG_FILES    = 
  CONFIG_HEADERS  = 
  CONFIG_LINKS    = 
  CONFIG_COMMANDS = 
  $ ./config.status 

on ses-dev

config.status:756: creating Makefile

## ---------------- ##
## Cache variables. ##
## ---------------- ##

ac_cv_env_PERL_set=
ac_cv_env_PERL_value=
ac_cv_env_PKG_CONFIG_LIBDIR_set=
ac_cv_env_PKG_CONFIG_LIBDIR_value=
ac_cv_env_PKG_CONFIG_PATH_set=
ac_cv_env_PKG_CONFIG_PATH_value=
ac_cv_env_PKG_CONFIG_set=
ac_cv_env_PKG_CONFIG_value=
ac_cv_env_build_alias_set=
ac_cv_env_build_alias_value=
ac_cv_env_host_alias_set=
ac_cv_env_host_alias_value=
ac_cv_env_target_alias_set=
ac_cv_env_target_alias_value=
ac_cv_env_uuid_CFLAGS_set=
ac_cv_env_uuid_CFLAGS_value=
ac_cv_env_uuid_LIBS_set=
ac_cv_env_uuid_LIBS_value=
ac_cv_path_PERL=/usr/bin/perl
ac_cv_path_ac_pt_PKG_CONFIG=/usr/bin/pkg-config
ac_cv_path_install='/usr/bin/install -c'
ac_cv_path_mkdir=/bin/mkdir
ac_cv_prog_AWK=mawk
ac_cv_prog_make_make_set=yes
pkg_cv_uuid_CFLAGS='-I/usr/include/uuid  '
pkg_cv_uuid_LIBS='-luuid  '

## ----------------- ##
## Output variables. ##
## ----------------- ##

ACLOCAL='${SHELL} /home/wes/projects/src/cif/v1/cif-protocol/perl/missing --run aclocal-1.11'
AMTAR='${SHELL} /home/wes/projects/src/cif/v1/cif-protocol/perl/missing --run tar'
AUTOCONF='${SHELL} /home/wes/projects/src/cif/v1/cif-protocol/perl/missing --run autoconf'
AUTOHEADER='${SHELL} /home/wes/projects/src/cif/v1/cif-protocol/perl/missing --run autoheader'
AUTOMAKE='${SHELL} /home/wes/projects/src/cif/v1/cif-protocol/perl/missing --run automake-1.11'
AWK='mawk'
CIF_GROUP='cif'
CIF_USER='cif'
CYGPATH_W='echo'
DEFS='-DPACKAGE_NAME=\"cif-protocol-perl\" -DPACKAGE_TARNAME=\"cif-protocol-perl\" -DPACKAGE_VERSION=\"v0.00.02-15-ga229cf2\" -DPACKAGE_STRING=\"cif-protocol-perl\ v0.00.02-15-ga229cf2\" -DPACKAGE_BUGREPORT=\"ci-framework@googlegroups.com\" -DPACKAGE_URL=\"\" -DPACKAGE=\"cif-protocol-perl\" -DVERSION=\"v0.00.02-15-ga229cf2\"'
ECHO_C=''
ECHO_N='-n'
ECHO_T=''
INSTALL_DATA='${INSTALL} -m 644'
INSTALL_PROGRAM='${INSTALL}'
INSTALL_SCRIPT='${INSTALL}'
INSTALL_STRIP_PROGRAM='$(install_sh) -c -s'
LIBOBJS=''
LIBS=''
LTLIBOBJS=''
MAKEINFO='${SHELL} /home/wes/projects/src/cif/v1/cif-protocol/perl/missing --run makeinfo'
MKDIR_P='/bin/mkdir -p'
PACKAGE='cif-protocol-perl'
PACKAGE_BUGREPORT='ci-framework@googlegroups.com'
PACKAGE_NAME='cif-protocol-perl'
PACKAGE_STRING='cif-protocol-perl v0.00.02-15-ga229cf2'
PACKAGE_TARNAME='cif-protocol-perl'
PACKAGE_URL=''
PACKAGE_VERSION='v0.00.02-15-ga229cf2'
PATH_SEPARATOR=':'
PERL='/usr/bin/perl'
PKG_CONFIG='/usr/bin/pkg-config'
PKG_CONFIG_LIBDIR=''
PKG_CONFIG_PATH=''
SET_MAKE=''
SHELL='/bin/bash'
STRIP=''
VERSION='v0.00.02-15-ga229cf2'
am__isrc=''
am__leading_dot='.'
am__tar='${AMTAR} chof - "$$tardir"'
am__untar='${AMTAR} xf -'
bindir='${exec_prefix}/bin'
build_alias=''
datadir='${datarootdir}'
datarootdir='${prefix}/share'
docdir='${datarootdir}/doc/${PACKAGE_TARNAME}'
dvidir='${docdir}'
exec_prefix='${prefix}'
host_alias=''
htmldir='${docdir}'
includedir='${prefix}/include'
infodir='${datarootdir}/info'
install_sh='${SHELL} /home/wes/projects/src/cif/v1/cif-protocol/perl/install-sh'
libdir='${exec_prefix}/lib'
libexecdir='${exec_prefix}/libexec'
localedir='${datarootdir}/locale'
localstatedir='${prefix}/var'
mandir='${datarootdir}/man'
mkdir_p='/bin/mkdir -p'
oldincludedir='/usr/include'
pdfdir='${docdir}'
prefix='/opt/cif'
program_transform_name='s,x,x,'
psdir='${docdir}'
sbindir='${exec_prefix}/sbin'
sharedstatedir='${prefix}/com'
sysconfdir='${prefix}/etc'
target_alias=''
uuid_CFLAGS='-I/usr/include/uuid  '
uuid_LIBS='-luuid  '

## ----------- ##
## confdefs.h. ##
## ----------- ##

/* confdefs.h */
#define PACKAGE_NAME "cif-protocol-perl"
#define PACKAGE_TARNAME "cif-protocol-perl"
#define PACKAGE_VERSION "v0.00.02-15-ga229cf2"
#define PACKAGE_STRING "cif-protocol-perl v0.00.02-15-ga229cf2"
#define PACKAGE_BUGREPORT "ci-framework@googlegroups.com"
#define PACKAGE_URL ""
#define PACKAGE "cif-protocol-perl"
#define VERSION "v0.00.02-15-ga229cf2"

configure: exit 0
